<?xml version="1.0" encoding="UTF-8"?>
<testsuite name="com.codestates.practicegithubActiondeploy.PracticeGithubActionDeployApplicationTests" tests="1" skipped="0" failures="0" errors="0" timestamp="2022-10-07T04:37:39" hostname="Zionui-MacBookPro.local" time="0.163">
  <properties/>
  <testcase name="contextLoads()" classname="com.codestates.practicegithubActiondeploy.PracticeGithubActionDeployApplicationTests" time="0.163"/>
  <system-out><![CDATA[13:37:38.568 [Test worker] DEBUG org.springframework.test.context.BootstrapUtils - Instantiating CacheAwareContextLoaderDelegate from class [org.springframework.test.context.cache.DefaultCacheAwareContextLoaderDelegate]
13:37:38.573 [Test worker] DEBUG org.springframework.test.context.BootstrapUtils - Instantiating BootstrapContext using constructor [public org.springframework.test.context.support.DefaultBootstrapContext(java.lang.Class,org.springframework.test.context.CacheAwareContextLoaderDelegate)]
13:37:38.591 [Test worker] DEBUG org.springframework.test.context.BootstrapUtils - Instantiating TestContextBootstrapper for test class [com.codestates.practicegithubActiondeploy.PracticeGithubActionDeployApplicationTests] from class [org.springframework.boot.test.context.SpringBootTestContextBootstrapper]
13:37:38.601 [Test worker] INFO org.springframework.boot.test.context.SpringBootTestContextBootstrapper - Neither @ContextConfiguration nor @ContextHierarchy found for test class [com.codestates.practicegithubActiondeploy.PracticeGithubActionDeployApplicationTests], using SpringBootContextLoader
13:37:38.603 [Test worker] DEBUG org.springframework.test.context.support.AbstractContextLoader - Did not detect default resource location for test class [com.codestates.practicegithubActiondeploy.PracticeGithubActionDeployApplicationTests]: class path resource [com/codestates/practicegithubActiondeploy/PracticeGithubActionDeployApplicationTests-context.xml] does not exist
13:37:38.603 [Test worker] DEBUG org.springframework.test.context.support.AbstractContextLoader - Did not detect default resource location for test class [com.codestates.practicegithubActiondeploy.PracticeGithubActionDeployApplicationTests]: class path resource [com/codestates/practicegithubActiondeploy/PracticeGithubActionDeployApplicationTestsContext.groovy] does not exist
13:37:38.603 [Test worker] INFO org.springframework.test.context.support.AbstractContextLoader - Could not detect default resource locations for test class [com.codestates.practicegithubActiondeploy.PracticeGithubActionDeployApplicationTests]: no resource found for suffixes {-context.xml, Context.groovy}.
13:37:38.604 [Test worker] INFO org.springframework.test.context.support.AnnotationConfigContextLoaderUtils - Could not detect default configuration classes for test class [com.codestates.practicegithubActiondeploy.PracticeGithubActionDeployApplicationTests]: PracticeGithubActionDeployApplicationTests does not declare any static, non-private, non-final, nested classes annotated with @Configuration.
13:37:38.626 [Test worker] DEBUG org.springframework.test.context.support.ActiveProfilesUtils - Could not find an 'annotation declaring class' for annotation type [org.springframework.test.context.ActiveProfiles] and class [com.codestates.practicegithubActiondeploy.PracticeGithubActionDeployApplicationTests]
13:37:38.654 [Test worker] DEBUG org.springframework.context.annotation.ClassPathScanningCandidateComponentProvider - Identified candidate component class: file [/Users/zion/Documents/practice-githubAction-deploy/build/classes/java/main/com/codestates/practicegithubActiondeploy/PracticeGithubActionDeployApplication.class]
13:37:38.654 [Test worker] INFO org.springframework.boot.test.context.SpringBootTestContextBootstrapper - Found @SpringBootConfiguration com.codestates.practicegithubActiondeploy.PracticeGithubActionDeployApplication for test class com.codestates.practicegithubActiondeploy.PracticeGithubActionDeployApplicationTests
13:37:38.709 [Test worker] DEBUG org.springframework.boot.test.context.SpringBootTestContextBootstrapper - @TestExecutionListeners is not present for class [com.codestates.practicegithubActiondeploy.PracticeGithubActionDeployApplicationTests]: using defaults.
13:37:38.710 [Test worker] INFO org.springframework.boot.test.context.SpringBootTestContextBootstrapper - Loaded default TestExecutionListener class names from location [META-INF/spring.factories]: [org.springframework.boot.test.autoconfigure.restdocs.RestDocsTestExecutionListener, org.springframework.boot.test.autoconfigure.web.client.MockRestServiceServerResetTestExecutionListener, org.springframework.boot.test.autoconfigure.web.servlet.MockMvcPrintOnlyOnFailureTestExecutionListener, org.springframework.boot.test.autoconfigure.web.servlet.WebDriverTestExecutionListener, org.springframework.boot.test.autoconfigure.webservices.client.MockWebServiceServerTestExecutionListener, org.springframework.boot.test.mock.mockito.MockitoTestExecutionListener, org.springframework.boot.test.mock.mockito.ResetMocksTestExecutionListener, org.springframework.test.context.web.ServletTestExecutionListener, org.springframework.test.context.support.DirtiesContextBeforeModesTestExecutionListener, org.springframework.test.context.event.ApplicationEventsTestExecutionListener, org.springframework.test.context.support.DependencyInjectionTestExecutionListener, org.springframework.test.context.support.DirtiesContextTestExecutionListener, org.springframework.test.context.transaction.TransactionalTestExecutionListener, org.springframework.test.context.jdbc.SqlScriptsTestExecutionListener, org.springframework.test.context.event.EventPublishingTestExecutionListener]
13:37:38.715 [Test worker] DEBUG org.springframework.boot.test.context.SpringBootTestContextBootstrapper - Skipping candidate TestExecutionListener [org.springframework.test.context.transaction.TransactionalTestExecutionListener] due to a missing dependency. Specify custom listener classes or make the default listener classes and their required dependencies available. Offending class: [org/springframework/transaction/interceptor/TransactionAttributeSource]
13:37:38.716 [Test worker] DEBUG org.springframework.boot.test.context.SpringBootTestContextBootstrapper - Skipping candidate TestExecutionListener [org.springframework.test.context.jdbc.SqlScriptsTestExecutionListener] due to a missing dependency. Specify custom listener classes or make the default listener classes and their required dependencies available. Offending class: [org/springframework/transaction/interceptor/TransactionAttribute]
13:37:38.716 [Test worker] INFO org.springframework.boot.test.context.SpringBootTestContextBootstrapper - Using TestExecutionListeners: [org.springframework.test.context.web.ServletTestExecutionListener@b93aad, org.springframework.test.context.support.DirtiesContextBeforeModesTestExecutionListener@4a9419d7, org.springframework.test.context.event.ApplicationEventsTestExecutionListener@2f3c6ac4, org.springframework.boot.test.mock.mockito.MockitoTestExecutionListener@2e8ab815, org.springframework.boot.test.autoconfigure.SpringBootDependencyInjectionTestExecutionListener@67af833b, org.springframework.test.context.support.DirtiesContextTestExecutionListener@d1f74b8, org.springframework.test.context.event.EventPublishingTestExecutionListener@41394595, org.springframework.boot.test.autoconfigure.restdocs.RestDocsTestExecutionListener@3a0807b7, org.springframework.boot.test.autoconfigure.web.client.MockRestServiceServerResetTestExecutionListener@21a5fd96, org.springframework.boot.test.autoconfigure.web.servlet.MockMvcPrintOnlyOnFailureTestExecutionListener@5769e7ae, org.springframework.boot.test.autoconfigure.web.servlet.WebDriverTestExecutionListener@5c77053b, org.springframework.boot.test.autoconfigure.webservices.client.MockWebServiceServerTestExecutionListener@26b894bd, org.springframework.boot.test.mock.mockito.ResetMocksTestExecutionListener@287f94b1]
13:37:38.717 [Test worker] DEBUG org.springframework.test.context.support.AbstractDirtiesContextTestExecutionListener - Before test class: context [DefaultTestContext@324c64cd testClass = PracticeGithubActionDeployApplicationTests, testInstance = [null], testMethod = [null], testException = [null], mergedContextConfiguration = [WebMergedContextConfiguration@13579834 testClass = PracticeGithubActionDeployApplicationTests, locations = '{}', classes = '{class com.codestates.practicegithubActiondeploy.PracticeGithubActionDeployApplication}', contextInitializerClasses = '[]', activeProfiles = '{}', propertySourceLocations = '{}', propertySourceProperties = '{org.springframework.boot.test.context.SpringBootTestContextBootstrapper=true}', contextCustomizers = set[org.springframework.boot.test.autoconfigure.actuate.metrics.MetricsExportContextCustomizerFactory$DisableMetricExportContextCustomizer@b7838a9, org.springframework.boot.test.autoconfigure.properties.PropertyMappingContextCustomizer@0, org.springframework.boot.test.autoconfigure.web.servlet.WebDriverContextCustomizerFactory$Customizer@33aeca0b, org.springframework.boot.test.context.filter.ExcludeFilterContextCustomizer@1ae67cad, org.springframework.boot.test.json.DuplicateJsonObjectContextCustomizerFactory$DuplicateJsonObjectContextCustomizer@463b4ac8, org.springframework.boot.test.mock.mockito.MockitoContextCustomizer@0, org.springframework.boot.test.web.client.TestRestTemplateContextCustomizer@a4ca3f6, org.springframework.boot.test.context.SpringBootTestArgs@1, org.springframework.boot.test.context.SpringBootTestWebEnvironment@1e16c0aa], resourceBasePath = 'src/main/webapp', contextLoader = 'org.springframework.boot.test.context.SpringBootContextLoader', parent = [null]], attributes = map['org.springframework.test.context.web.ServletTestExecutionListener.activateListener' -> true]], class annotated with @DirtiesContext [false] with mode [null].

  .   ____          _            __ _ _
 /\\ / ___'_ __ _ _(_)_ __  __ _ \ \ \ \
( ( )\___ | '_ | '_| | '_ \/ _` | \ \ \ \
 \\/  ___)| |_)| | | | | || (_| |  ) ) ) )
  '  |____| .__|_| |_|_| |_\__, | / / / /
 =========|_|==============|___/=/_/_/_/
 :: Spring Boot ::                (v2.7.4)

2022-10-07 13:37:38.891  INFO 68443 --- [    Test worker] acticeGithubActionDeployApplicationTests : Starting PracticeGithubActionDeployApplicationTests using Java 11.0.15 on Zionui-MacBookPro.local with PID 68443 (started by zion in /Users/zion/Documents/practice-githubAction-deploy)
2022-10-07 13:37:38.891  INFO 68443 --- [    Test worker] acticeGithubActionDeployApplicationTests : No active profile set, falling back to 1 default profile: "default"
2022-10-07 13:37:39.574  INFO 68443 --- [    Test worker] acticeGithubActionDeployApplicationTests : Started PracticeGithubActionDeployApplicationTests in 0.838 seconds (JVM running for 1.451)
]]></system-out>
  <system-err><![CDATA[]]></system-err>
</testsuite>
